\BOOKMARK [0][-]{chapter.1}{\376\377\000I\000n\000t\000r\000o\000d\000u\000c\000t\000i\000o\000n}{}% 1
\BOOKMARK [1][-]{section.1.1}{\376\377\000F\000e\000r\000m\000i\000\040\000g\000a\000s\000\040\000p\000r\000e\000p\000a\000r\000a\000t\000i\000o\000n\000\040\000\050\000+\000\040\000B\000o\000s\000e\000\040\000g\000a\000s\000\040\000?\000\051}{chapter.1}% 2
\BOOKMARK [2][-]{subsection.1.1.1}{\376\377\000T\000C}{section.1.1}% 3
\BOOKMARK [2][-]{subsection.1.1.2}{\376\377\000Z\000e\000e\000m\000a\000n\000\040\000c\000o\000o\000l\000i\000n\000g}{section.1.1}% 4
\BOOKMARK [2][-]{subsection.1.1.3}{\376\377\000B\000l\000u\000e\000\040\000M\000O\000T}{section.1.1}% 5
\BOOKMARK [3][-]{subsubsection.1.1.3.1}{\376\377\000T\000h\000e\000\040\000p\000h\000y\000s\000i\000c\000s}{subsection.1.1.3}% 6
\BOOKMARK [3][-]{subsubsection.1.1.3.2}{\376\377\000H\000o\000w\000\040\000t\000o\000\040\000o\000p\000t\000i\000m\000i\000z\000e\000\040\000t\000h\000e\000\040\000s\000u\000p\000e\000r\000p\000o\000s\000i\000t\000i\000o\000n\000\040\000w\000i\000t\000h\000\040\000t\000h\000e\000\040\000r\000e\000p\000u\000m\000p\000e\000r}{subsection.1.1.3}% 7
\BOOKMARK [3][-]{subsubsection.1.1.3.3}{\376\377\000C\000o\000m\000m\000e\000n\000t\000\040\000o\000n\000\040\000t\000h\000e\000\040\000h\000y\000p\000e\000r\000f\000i\000n\000e\000\040\000s\000t\000a\000t\000e\000s\000\040\000\050\000+\000b\000o\000s\000o\000n\000\040\0008\0008\000\051}{subsection.1.1.3}% 8
\BOOKMARK [3][-]{subsubsection.1.1.3.4}{\376\377\000O\000p\000t\000i\000c\000a\000l\000\040\000s\000e\000t\000u\000p\000\040\000\050\000b\000l\000u\000e\000\040\000+\000\040\000r\000e\000p\000u\000m\000p\000\051}{subsection.1.1.3}% 9
\BOOKMARK [2][-]{subsection.1.1.4}{\376\377\000R\000e\000p\000u\000m\000p\000e\000r}{section.1.1}% 10
\BOOKMARK [2][-]{subsection.1.1.5}{\376\377\000B\000B\000\040\000M\000O\000T}{section.1.1}% 11
\BOOKMARK [3][-]{subsubsection.1.1.5.1}{\376\377\000F\000i\000r\000s\000t\000\040\000s\000t\000e\000p}{subsection.1.1.5}% 12
\BOOKMARK [3][-]{subsubsection.1.1.5.2}{\376\377\000S\000e\000c\000o\000n\000d\000\040\000s\000t\000e\000p}{subsection.1.1.5}% 13
\BOOKMARK [2][-]{subsection.1.1.6}{\376\377\000S\000t\000i\000r}{section.1.1}% 14
\BOOKMARK [2][-]{subsection.1.1.7}{\376\377\000N\000a\000r\000r\000o\000w\000\040\000M\000O\000T}{section.1.1}% 15
\BOOKMARK [3][-]{subsubsection.1.1.7.1}{\376\377\000O\000p\000t\000i\000m\000i\000z\000a\000t\000i\000o\000n\000\040\000o\000f\000\040\000t\000h\000e\000\040\000n\000a\000r\000r\000o\000w\000\040\000M\000O\000T\000\040\000\050\000i\000n\000t\000e\000n\000s\000i\000t\000y\000,\000\040\000f\000r\000e\000q\000u\000e\000n\000c\000y\000,\000\040\000e\000f\000f\000e\000c\000t\000\040\000o\000n\000\040\000t\000h\000e\000\040\000s\000i\000z\000e\000\040\000o\000f\000\040\000t\000h\000e\000\040\000c\000l\000o\000u\000d\000\051}{subsection.1.1.7}% 16
\BOOKMARK [3][-]{subsubsection.1.1.7.2}{\376\377\000O\000p\000t\000i\000c\000a\000l\000\040\000s\000e\000t\000u\000p}{subsection.1.1.7}% 17
\BOOKMARK [2][-]{subsection.1.1.8}{\376\377\000O\000D\000T\000\040\000a\000n\000d\000\040\000e\000v\000a\000p\000o\000r\000a\000t\000i\000o\000n}{section.1.1}% 18
\BOOKMARK [3][-]{subsubsection.1.1.8.1}{\376\377\000C\000h\000a\000r\000g\000i\000n\000g\000\040\000t\000h\000e\000\040\000c\000r\000o\000s\000s\000i\000n\000g}{subsection.1.1.8}% 19
\BOOKMARK [3][-]{subsubsection.1.1.8.2}{\376\377\000O\000p\000t\000i\000m\000i\000z\000a\000t\000i\000o\000n\000\040\000o\000f\000\040\000t\000h\000e\000\040\000e\000v\000a\000p\000o\000r\000a\000t\000i\000o\000n\000\040\000r\000a\000m\000p\000s\000\040\000:\000\040\000D\000i\000m\000p\000l\000e\000\040\000+\000\040\000r\000e\000s\000e\000r\000v\000o\000i\000r\000,\000\040\000j\000u\000s\000t\000\040\000r\000e\000s\000e\000r\000v\000o\000i\000r\000,\000\040\000p\000a\000r\000a\000m\000e\000t\000e\000r\000\040\000t\000o\000\040\000o\000p\000t\000i\000m\000i\000z\000e\000\040\000\050\000n\000u\000m\000b\000e\000r\000\040\000o\000f\000\040\000a\000t\000o\000m\000s\000,\000\040\000t\000e\000m\000p\000e\000r\000a\000t\000u\000r\000e\000\051}{subsection.1.1.8}% 20
\BOOKMARK [3][-]{subsubsection.1.1.8.3}{\376\377\000O\000p\000t\000i\000c\000a\000l\000\040\000s\000e\000t\000u\000p}{subsection.1.1.8}% 21
\BOOKMARK [2][-]{subsection.1.1.9}{\376\377\000O\000p\000t\000i\000c\000a\000l\000\040\000p\000u\000m\000p\000i\000n\000g}{section.1.1}% 22
\BOOKMARK [1][-]{section.1.2}{\376\377\000S\000p\000i\000n\000\040\000m\000e\000a\000s\000u\000r\000e\000m\000e\000n\000t\000\040\000s\000c\000h\000e\000m\000e}{chapter.1}% 23
\BOOKMARK [0][-]{chapter.2}{\376\377\000R\000a\000m\000s\000e\000y\000\040\000i\000n\000t\000e\000r\000f\000e\000r\000o\000m\000e\000t\000e\000r\000s\000\040\000o\000n\000\040\000q\000u\000d\000i\000t\000\040}{}% 24
\BOOKMARK [1][-]{section.2.1}{\376\377\000P\000r\000e\000p\000a\000r\000a\000t\000i\000o\000n\000\040\000o\000f\000\040\000a\000r\000b\000i\000t\000r\000a\000r\000y\000\040\000d\000i\000m\000e\000n\000s\000i\000o\000n\000\040\000H\000i\000l\000b\000e\000r\000t\000\040\000s\000p\000a\000c\000e}{chapter.2}% 25
\BOOKMARK [2][-]{subsection.2.1.1}{\376\377\000R\000a\000m\000a\000n\000\040\000p\000r\000o\000c\000e\000s\000s}{section.2.1}% 26
\BOOKMARK [3][-]{subsubsection.2.1.1.1}{\376\377\000m\000F\000\040\000=\000\040\0001}{subsection.2.1.1}% 27
\BOOKMARK [3][-]{subsubsection.2.1.1.2}{\376\377\000m\000F\000\040\000=\000\040\0002}{subsection.2.1.1}% 28
\BOOKMARK [2][-]{subsection.2.1.2}{\376\377\000M\000o\000g\000l\000a\000b\000s\000\040\000c\000h\000a\000i\000n\000\040\000w\000i\000t\000h\000o\000u\000t\000\040\000c\000a\000v\000i\000t\000y}{section.2.1}% 29
\BOOKMARK [2][-]{subsection.2.1.3}{\376\377\000P\000u\000r\000i\000f\000i\000c\000a\000t\000i\000o\000n\000\040\000o\000f\000\040\000t\000h\000e\000\040\000l\000a\000s\000e\000r\000\040\000s\000p\000e\000c\000t\000r\000u\000m\000\040\000w\000i\000t\000h\000\040\000a\000\040\000F\000P\000\040\000c\000a\000v\000i\000t\000y}{section.2.1}% 30
\BOOKMARK [1][-]{section.2.2}{\376\377\000I\000n\000t\000e\000r\000f\000e\000r\000o\000m\000e\000t\000r\000i\000c\000\040\000s\000e\000n\000s\000i\000n\000g\000\040\000w\000i\000t\000h\000\040\000m\000u\000l\000t\000i\000p\000l\000e\000\040\000n\000u\000c\000l\000e\000a\000r\000\040\000s\000p\000i\000n\000\040\000s\000t\000a\000t\000e}{chapter.2}% 31
\BOOKMARK [2][-]{subsection.2.2.1}{\376\377\000D\000r\000i\000v\000i\000n\000g\000\040\000l\000o\000n\000g\000\040\000c\000o\000h\000e\000r\000e\000n\000c\000e\000\040\000t\000i\000m\000e\000\040\000R\000a\000b\000i\000\040\000o\000s\000c\000i\000l\000l\000a\000t\000i\000o\000n\000s}{section.2.2}% 32
\BOOKMARK [3][-]{subsubsection.2.2.1.1}{\376\377\000R\000a\000b\000i\000\040\000o\000s\000c\000i\000l\000l\000a\000t\000i\000o\000n\000s}{subsection.2.2.1}% 33
\BOOKMARK [3][-]{subsubsection.2.2.1.2}{\376\377\000I\000n\000t\000e\000r\000f\000e\000r\000o\000m\000e\000t\000e\000r\000\040\000o\000f\000\040\000s\000u\000\050\0002\000\051\000\040\000s\000y\000m\000m\000e\000t\000r\000y}{subsection.2.2.1}% 34
\BOOKMARK [3][-]{subsubsection.2.2.1.3}{\376\377\000D\000i\000s\000c\000u\000s\000s\000i\000o\000n\000\040\000o\000n\000\040\000i\000n\000h\000o\000m\000o\000g\000e\000n\000e\000i\000t\000e\000s}{subsection.2.2.1}% 35
\BOOKMARK [2][-]{subsection.2.2.2}{\376\377\000M\000e\000a\000s\000u\000r\000i\000n\000g\000\040\000t\000w\000o\000\040\000q\000u\000a\000n\000t\000i\000t\000e\000s\000\040\000a\000t\000\040\000a\000\040\000t\000i\000m\000e}{section.2.2}% 36
\BOOKMARK [3][-]{subsubsection.2.2.2.1}{\376\377\000P\000h\000y\000s\000i\000c\000a\000l\000\040\000p\000r\000i\000n\000c\000i\000p\000l\000e}{subsection.2.2.2}% 37
\BOOKMARK [3][-]{subsubsection.2.2.2.2}{\376\377\000R\000e\000s\000u\000l\000t\000s}{subsection.2.2.2}% 38
\BOOKMARK [2][-]{subsection.2.2.3}{\376\377\000M\000e\000a\000s\000u\000r\000i\000n\000g\000\040\000t\000w\000o\000\040\000n\000o\000n\000\040\000c\000o\000m\000m\000u\000t\000i\000n\000g\000\040\000o\000b\000s\000e\000r\000v\000a\000b\000l\000e\000s}{section.2.2}% 39
\BOOKMARK [3][-]{subsubsection.2.2.3.1}{\376\377\000P\000r\000i\000n\000c\000i\000p\000l\000e}{subsection.2.2.3}% 40
\BOOKMARK [1][-]{section.2.3}{\376\377\000S\000U\000\050\000N\000\051\000\040\000s\000y\000m\000m\000e\000t\000r\000y\000\040\000\050\000c\000e\000\040\000q\000u\000'\000i\000l\000\040\000f\000a\000u\000d\000r\000a\000i\000t\000\040\000p\000r\000\040\000l\000a\000\040\000t\000e\000s\000t\000e\000r\000\040\000e\000.\000g\000\040\000d\000e\000n\000s\000i\000t\000\351\000\040\000g\000a\000z\000,\000\040\000a\000l\000i\000m\000e\000n\000t\000a\000t\000i\000o\000n\000\040\000b\000o\000b\000i\000n\000e\000s\000\040\000-\000>\000\040\000c\000o\000m\000m\000e\000n\000t\000\040\000f\000a\000i\000r\000e\000\040\000m\000i\000e\000u\000x\000\040\000q\000u\000e\000\040\000l\000e\000s\000\040\000c\000h\000i\000f\000f\000r\000e\000s\000\040\000a\000c\000t\000u\000e\000l\000s}{chapter.2}% 41
\BOOKMARK [0][-]{chapter.3}{\376\377\000E\000n\000g\000i\000n\000e\000e\000r\000i\000n\000g\000\040\000h\000i\000g\000h\000l\000y\000\040\000e\000n\000t\000a\000n\000g\000l\000e\000d\000\040\000s\000y\000s\000t\000e\000m\000\040\000o\000f\000\040\000p\000h\000o\000t\000o\000a\000s\000s\000o\000c\000i\000a\000t\000e\000d\000\040\0008\0007\000S\000r\000\040\000a\000t\000o\000m\000s}{}% 42
\BOOKMARK [1][-]{section.3.1}{\376\377\000I\000n\000t\000r\000o\000d\000u\000c\000t\000i\000o\000n\000\040\000o\000n\000\040\000p\000h\000o\000t\000o\000a\000s\000s\000o\000c\000i\000a\000t\000i\000o\000n}{chapter.3}% 43
\BOOKMARK [2][-]{subsection.3.1.1}{\376\377\000W\000h\000a\000t\000\040\000i\000s\000\040\000p\000h\000o\000t\000o\000a\000s\000s\000o\000c\000i\000a\000t\000i\000o\000n}{section.3.1}% 44
\BOOKMARK [2][-]{subsection.3.1.2}{\376\377\000M\000o\000l\000e\000c\000u\000l\000a\000r\000\040\000f\000o\000r\000m\000a\000l\000i\000s\000m\000/\000v\000o\000c\000a\000b\000u\000l\000a\000r\000y\000\040\000\050\000c\000o\000n\000d\000o\000n\000\040\000r\000a\000d\000i\000u\000s\000,\000\040\000o\000p\000t\000i\000c\000a\000l\000\040\000l\000e\000n\000g\000t\000h\000.\000.\000.\000\051}{section.3.1}% 45
\BOOKMARK [2][-]{subsection.3.1.3}{\376\377\000I\000n\000t\000e\000r\000n\000a\000l\000\040\000e\000n\000e\000r\000g\000y\000\040\000s\000t\000a\000t\000e\000s}{section.3.1}% 46
\BOOKMARK [3][-]{subsubsection.3.1.3.1}{\376\377\000W\000K\000B\000\040\000a\000p\000p\000r\000o\000x\000i\000m\000a\000t\000i\000o\000n}{subsection.3.1.3}% 47
\BOOKMARK [3][-]{subsubsection.3.1.3.2}{}{subsection.3.1.3}% 48
\BOOKMARK [2][-]{subsection.3.1.4}{\376\377\000E\000x\000t\000e\000r\000n\000a\000l\000\040\000e\000n\000e\000r\000g\000y\000\040\000s\000t\000a\000t\000e\000s}{section.3.1}% 49
\BOOKMARK [1][-]{section.3.2}{\376\377\000A\000b\000o\000u\000t\000\040\000p\000h\000o\000t\000o\000a\000s\000s\000o\000c\000i\000a\000t\000i\000o\000n\000\040\000o\000n\000\040\000o\000t\000h\000e\000r\000\040\000s\000p\000e\000c\000i\000e\000s}{chapter.3}% 50
\BOOKMARK [2][-]{subsection.3.2.1}{\376\377\000M\000a\000s\000s\000\040\000s\000c\000a\000l\000i\000n\000g\000\040\000\050\0008\0008\000S\000r\000\051}{section.3.2}% 51
\BOOKMARK [2][-]{subsection.3.2.2}{\376\377\000Y\000t\000t\000e\000r\000b\000i\000u\000m\000:\000\040\000h\000f\000s}{section.3.2}% 52
\BOOKMARK [1][-]{section.3.3}{\376\377\000E\000x\000p\000e\000r\000i\000m\000e\000n\000t\000a\000l\000\040\000s\000e\000t\000u\000p}{chapter.3}% 53
\BOOKMARK [1][-]{section.3.4}{\376\377\0008\0008\000S\000r\000\040\000R\000e\000s\000u\000l\000t\000s}{chapter.3}% 54
\BOOKMARK [2][-]{subsection.3.4.1}{\376\377\000T\000e\000c\000h\000n\000i\000c\000a\000l\000\040\000i\000s\000s\000u\000e\000s\000\040\000o\000f\000\040\000i\000n\000h\000a\000b\000i\000l\000i\000t\000a\000t\000i\000o\000n\000\040\000o\000f\000\040\000p\000h\000o\000t\000o\000a\000s\000s\000o\000c\000i\000a\000t\000i\000o\000n}{section.3.4}% 55
\BOOKMARK [3][-]{subsubsection.3.4.1.1}{\376\377\000L\000a\000s\000e\000r\000\040\000w\000i\000d\000t\000h}{subsection.3.4.1}% 56
\BOOKMARK [1][-]{section.3.5}{\376\377\0008\0007\000S\000r\000\040\000m\000o\000l\000e\000c\000u\000l\000e\000s}{chapter.3}% 57
\BOOKMARK [2][-]{subsection.3.5.1}{\376\377\000P\000h\000y\000s\000i\000c\000a\000l\000\040\000s\000o\000u\000r\000c\000e\000s\000\040\000o\000f\000\040\000i\000n\000h\000a\000b\000i\000l\000i\000t\000a\000t\000i\000o\000n\000\040\000o\000f\000\040\000p\000h\000o\000t\000o\000a\000s\000s\000o\000c\000i\000a\000t\000i\000o\000n}{section.3.5}% 58
\BOOKMARK [3][-]{subsubsection.3.5.1.1}{\376\377\000O\000n\000\040\000F\000\040\000=\000\040\0009\000/\0002\000\040\000:\000\040\000p\000r\000e\000d\000i\000s\000s\000o\000c\000i\000a\000t\000i\000o\000n}{subsection.3.5.1}% 59
\BOOKMARK [3][-]{subsubsection.3.5.1.2}{\376\377\000C\000o\000u\000p\000l\000i\000n\000g\000\040\000t\000o\000\040\000m\000o\000r\000e\000\040\000e\000n\000e\000r\000g\000e\000t\000i\000c\000\040\000s\000t\000a\000t\000e\000\040\000f\000r\000o\000m\000\040\000t\000h\000e\000\040\000I\000R}{subsection.3.5.1}% 60
\BOOKMARK [3][-]{subsubsection.3.5.1.3}{\376\377\000N\000o\000d\000e\000\040\000o\000f\000\040\000w\000a\000v\000e\000f\000u\000n\000c\000t\000i\000o\000n\000\040\000f\000o\000r\000\040\000s\000o\000m\000e\000\040\000v\000i\000b\000r\000a\000t\000i\000o\000n\000a\000l\000\040\000s\000t\000a\000t\000e\000s}{subsection.3.5.1}% 61
\BOOKMARK [2][-]{subsection.3.5.2}{\376\377\000E\000n\000e\000r\000g\000y\000\040\000l\000a\000n\000d\000s\000c\000a\000p\000e\000\040\000o\000f\000\040\0008\0007\000S\000r\000-\0008\0007\000S\000r\000\040\000m\000o\000l\000e\000c\000u\000l\000e\000s}{section.3.5}% 62
\BOOKMARK [0][-]{appendix.A}{\376\377\000A\000l\000g\000o\000r\000i\000t\000h\000m\000s}{}% 63
